<?xml version="1.0" encoding="UTF-8"?>
<testsuite name="com.safian.backend.BackendApplicationTests" tests="1" skipped="0" failures="0" errors="0" timestamp="2023-12-10T18:47:34" hostname="192.168.0.195" time="1.886">
  <properties/>
  <testcase name="contextLoads()" classname="com.safian.backend.BackendApplicationTests" time="1.886"/>
  <system-out><![CDATA[19:47:32.260 [Test worker] INFO org.springframework.test.context.support.AnnotationConfigContextLoaderUtils -- Could not detect default configuration classes for test class [com.safian.backend.BackendApplicationTests]: BackendApplicationTests does not declare any static, non-private, non-final, nested classes annotated with @Configuration.
19:47:32.422 [Test worker] INFO org.springframework.boot.test.context.SpringBootTestContextBootstrapper -- Found @SpringBootConfiguration com.safian.backend.BackendApplication for test class com.safian.backend.BackendApplicationTests

  .   ____          _            __ _ _
 /\\ / ___'_ __ _ _(_)_ __  __ _ \ \ \ \
( ( )\___ | '_ | '_| | '_ \/ _` | \ \ \ \
 \\/  ___)| |_)| | | | | || (_| |  ) ) ) )
  '  |____| .__|_| |_|_| |_\__, | / / / /
 =========|_|==============|___/=/_/_/_/
 :: Spring Boot ::                (v3.2.0)

2023-12-10T19:47:32.998+01:00  INFO 17133 --- [    Test worker] c.s.backend.BackendApplicationTests      : Starting BackendApplicationTests using Java 19 with PID 17133 (started by szabi in /Users/szabi/Documents/Projects/Safian/backend)
2023-12-10T19:47:33.000+01:00  INFO 17133 --- [    Test worker] c.s.backend.BackendApplicationTests      : No active profile set, falling back to 1 default profile: "default"
2023-12-10T19:47:34.127+01:00  INFO 17133 --- [    Test worker] c.s.backend.BackendApplicationTests      : Started BackendApplicationTests in 1.513 seconds (process running for 3.548)
]]></system-out>
  <system-err><![CDATA[]]></system-err>
</testsuite>
